<?xml version="1.0" encoding="UTF-8"?>
<testng-results ignored="0" total="1" passed="1" failed="0" skipped="0">
  <reporter-output>
  </reporter-output>
  <suite started-at="2023-12-12T09:28:23 IST" name="test1" finished-at="2023-12-12T09:29:44 IST" duration-ms="80665">
    <groups>
      <group name="cucumber">
        <method signature="AbstractTestNGCucumberTests.runScenario(io.cucumber.testng.PickleWrapper,io.cucumber.testng.FeatureWrapper)[pri:0, instance:runner.TestNgrunner@403f0a22]" name="runScenario" class="io.cucumber.testng.AbstractTestNGCucumberTests"/>
      </group> <!-- cucumber -->
    </groups>
    <test started-at="2023-12-12T09:28:23 IST" name="CHILTERNOAK" finished-at="2023-12-12T09:29:44 IST" duration-ms="80665">
      <class name="runner.TestNgrunner">
        <test-method is-config="true" signature="setUpClass(org.testng.ITestContext)[pri:0, instance:runner.TestNgrunner@403f0a22]" started-at="2023-12-12T09:28:23 IST" name="setUpClass" finished-at="2023-12-12T09:28:24 IST" duration-ms="926" status="PASS">
          <params>
            <param index="0">
              <value>
                <![CDATA[org.testng.TestRunner@666b91db]]>
              </value>
            </param>
          </params>
          <reporter-output>
          </reporter-output>
        </test-method> <!-- setUpClass -->
        <test-method signature="runScenario(io.cucumber.testng.PickleWrapper,io.cucumber.testng.FeatureWrapper)[pri:0, instance:runner.TestNgrunner@403f0a22]" started-at="2023-12-12T09:28:24 IST" name="runScenario" description="Runs Cucumber Scenarios" data-provider="scenarios" finished-at="2023-12-12T09:29:39 IST" duration-ms="75000" status="PASS">
          <params>
            <param index="0">
              <value>
                <![CDATA["User applies filter to search for products"]]>
              </value>
            </param>
            <param index="1">
              <value>
                <![CDATA["E-commerce Website Filter"]]>
              </value>
            </param>
          </params>
          <reporter-output>
          </reporter-output>
        </test-method> <!-- runScenario -->
        <test-method is-config="true" signature="tearDownClass()[pri:0, instance:runner.TestNgrunner@403f0a22]" started-at="2023-12-12T09:29:39 IST" name="tearDownClass" finished-at="2023-12-12T09:29:44 IST" duration-ms="4655" status="PASS">
          <reporter-output>
          </reporter-output>
        </test-method> <!-- tearDownClass -->
      </class> <!-- runner.TestNgrunner -->
    </test> <!-- CHILTERNOAK -->
  </suite> <!-- test1 -->
</testng-results>
